c:\users\theodor\desktop\c to managed call\manageddll\debug\manageddll.pch
c:\users\theodor\desktop\c to managed call\manageddll\debug\vc141.pdb
c:\users\theodor\desktop\c to managed call\manageddll\debug\stdafx.obj
c:\users\theodor\desktop\c to managed call\manageddll\debug\manageddll.obj
c:\users\theodor\desktop\c to managed call\manageddll\debug\assemblyinfo.obj
c:\users\theodor\desktop\old c to managed call\c to managed call\manageddll\debug\manageddll.pch
c:\users\theodor\desktop\old c to managed call\c to managed call\manageddll\debug\manageddll.pdb
c:\users\theodor\desktop\old c to managed call\c to managed call\manageddll\debug\stdafx.obj
c:\users\theodor\desktop\old c to managed call\c to managed call\manageddll\debug\manageddll.obj
c:\users\theodor\desktop\old c to managed call\c to managed call\manageddll\debug\assemblyinfo.obj
c:\users\theodor\desktop\old\my projects\mindstorms com\c to managed call\manageddll\debug\manageddll.pch
c:\users\theodor\desktop\old\my projects\mindstorms com\c to managed call\manageddll\debug\manageddll.pdb
c:\users\theodor\desktop\old\my projects\mindstorms com\c to managed call\manageddll\debug\stdafx.obj
c:\users\theodor\desktop\old\my projects\mindstorms com\c to managed call\manageddll\debug\manageddll.obj
c:\users\theodor\desktop\old\my projects\mindstorms com\c to managed call\manageddll\debug\assemblyinfo.obj
c:\users\theodor\desktop\old\my projects\mindstorms com\c to managed call\manageddll\debug\.netframework,version=v4.0.assemblyattributes.obj
c:\users\theodor\desktop\old\my projects\mindstorms com\c to managed call\manageddll\debug\.netframework,version=v4.0.assemblyattributes.asm
c:\users\theodor\desktop\old c to managed call\c to managed call\debug\manageddll.lib
c:\users\theodor\desktop\old\my projects\mindstorms com\c to managed call\debug\manageddll.lib
c:\users\theodor\desktop\c to managed call\debug\manageddll.dll
c:\users\theodor\desktop\c to managed call\debug\manageddll.pdb
c:\users\theodor\desktop\old c to managed call\c to managed call\debug\manageddll.dll
c:\users\theodor\desktop\old c to managed call\c to managed call\debug\manageddll.pdb
c:\users\theodor\desktop\c to managed call\debug\managedcsharp.dll
c:\users\theodor\desktop\c to managed call\debug\ev3messengerlib.dll
c:\users\theodor\desktop\c to managed call\debug\managedcsharp.pdb
c:\users\theodor\desktop\c to managed call\debug\ev3messengerlib.pdb
c:\users\theodor\desktop\c to managed call\debug\ev3messengerlib.xml
c:\users\theodor\desktop\c to managed call\debug\manageddll.lib
c:\users\theodor\desktop\c to managed call\debug\manageddll.exp
c:\users\theodor\desktop\old c to managed call\c to managed call\debug\managedcsharp.dll
c:\users\theodor\desktop\old c to managed call\c to managed call\debug\ev3messengerlib.dll
c:\users\theodor\desktop\old c to managed call\c to managed call\debug\managedcsharp.pdb
c:\users\theodor\desktop\old c to managed call\c to managed call\debug\manageddll.exp
c:\users\theodor\desktop\old\my projects\mindstorms com\c to managed call\debug\managedcsharp.dll
c:\users\theodor\desktop\old\my projects\mindstorms com\c to managed call\debug\managedcsharp.pdb
c:\users\theodor\desktop\old c to managed call\c to managed call\manageddll\debug\manageddll.tlog\metagen.write.1.tlog
c:\users\theodor\desktop\old\my projects\mindstorms com\c to managed call\manageddll\debug\manageddll.tlog\metagen.write.1.tlog
c:\users\theodor\desktop\c to managed call\manageddll\debug\app.res
c:\users\theodor\desktop\old c to managed call\c to managed call\manageddll\debug\app.res
c:\users\theodor\desktop\old\my projects\mindstorms com\c to managed call\manageddll\debug\app.res
c:\users\theodor\desktop\old\my projects\mindstorms com\c to managed call\manageddll\debug\manageddll.vcxprojassemblyreference.cache
c:\users\theodor\desktop\old\my projects\mindstorms com\c to managed call\manageddll\debug\vc141.pdb
c:\users\theodor\desktop\old\my projects\mindstorms com\c to managed call\debug\manageddll.pdb
c:\users\theodor\desktop\old\my projects\mindstorms com\c to managed call\manageddll\debug\manageddll.tlog\cl.command.1.tlog
c:\users\theodor\desktop\old\my projects\mindstorms com\c to managed call\manageddll\debug\manageddll.tlog\cl.read.1.tlog
c:\users\theodor\desktop\old\my projects\mindstorms com\c to managed call\manageddll\debug\manageddll.tlog\cl.write.1.tlog
c:\users\theodor\desktop\old\my projects\mindstorms com\c to managed call\manageddll\debug\manageddll.tlog\lib-link-cvtres.read.1.tlog
c:\users\theodor\desktop\old\my projects\mindstorms com\c to managed call\manageddll\debug\manageddll.tlog\lib-link-cvtres.write.1.tlog
c:\users\theodor\desktop\old\my projects\mindstorms com\c to managed call\manageddll\debug\manageddll.tlog\lib.command.1.tlog
c:\users\theodor\desktop\old\my projects\mindstorms com\c to managed call\manageddll\debug\manageddll.tlog\link.1748.delete.1.tlog
c:\users\theodor\desktop\old\my projects\mindstorms com\c to managed call\manageddll\debug\manageddll.tlog\link.command.1.tlog
c:\users\theodor\desktop\old\my projects\mindstorms com\c to managed call\manageddll\debug\manageddll.tlog\link.read.1.tlog
c:\users\theodor\desktop\old\my projects\mindstorms com\c to managed call\manageddll\debug\manageddll.tlog\link.write.1.tlog
c:\users\theodor\desktop\old\my projects\mindstorms com\c to managed call\manageddll\debug\manageddll.tlog\manageddll.write.1u.tlog
c:\users\theodor\desktop\old\my projects\mindstorms com\c to managed call\manageddll\debug\manageddll.tlog\metagen.read.1.tlog
c:\users\theodor\desktop\old\my projects\mindstorms com\c to managed call\manageddll\debug\manageddll.tlog\rc.command.1.tlog
c:\users\theodor\desktop\old\my projects\mindstorms com\c to managed call\manageddll\debug\manageddll.tlog\rc.read.1.tlog
c:\users\theodor\desktop\old\my projects\mindstorms com\c to managed call\manageddll\debug\manageddll.tlog\rc.write.1.tlog
c:\users\theodor\desktop\old\my projects\mindstorms com\c to managed call\manageddll\debug\manageddll.tlog\managedcsharp.dll.metagen
c:\users\theodor\desktop\old\my projects\mindstorms com\c to managed call\manageddll\debug\manageddll.tlog\tzres.dll.bi
