c:\users\theodor\desktop\old c to managed call\c to managed call\manageddll\release\manageddll.pch
c:\users\theodor\desktop\old c to managed call\c to managed call\manageddll\release\vc141.pdb
c:\users\theodor\desktop\old c to managed call\c to managed call\manageddll\release\stdafx.obj
c:\users\theodor\desktop\old c to managed call\c to managed call\manageddll\release\manageddll.pdb
c:\users\theodor\desktop\old c to managed call\c to managed call\manageddll\release\manageddll.obj
c:\users\theodor\desktop\old c to managed call\c to managed call\manageddll\release\assemblyinfo.obj
c:\users\theodor\desktop\old c to managed call\c to managed call\manageddll\release\.netframework,version=v4.0.assemblyattributes.obj
c:\users\theodor\desktop\old c to managed call\c to managed call\manageddll\release\.netframework,version=v4.0.assemblyattributes.asm
c:\users\theodor\desktop\old c to managed call\c to managed call\release\manageddll.lib
c:\users\theodor\desktop\old c to managed call\c to managed call\release\manageddll.dll
c:\users\theodor\desktop\old c to managed call\c to managed call\release\manageddll.pdb
c:\users\theodor\desktop\old c to managed call\c to managed call\release\managedcsharp.dll
c:\users\theodor\desktop\old c to managed call\c to managed call\release\ev3messengerlib.dll
c:\users\theodor\desktop\old c to managed call\c to managed call\release\managedcsharp.pdb
c:\users\theodor\desktop\old c to managed call\c to managed call\release\manageddll.exp
c:\users\theodor\desktop\old c to managed call\c to managed call\manageddll\release\manageddll.tlog\metagen.write.1.tlog
c:\users\theodor\desktop\old c to managed call\c to managed call\manageddll\release\app.res
c:\users\theodor\desktop\old c to managed call\c to managed call\manageddll\release\manageddll.vcxprojassemblyreference.cache
c:\users\theodor\desktop\c to managed call\release\manageddll.pdb
c:\users\theodor\desktop\c to managed call\release\manageddll.lib
c:\users\theodor\desktop\old c to managed call\c to managed call\manageddll\release\manageddll.tlog\cl.command.1.tlog
c:\users\theodor\desktop\old c to managed call\c to managed call\manageddll\release\manageddll.tlog\cl.read.1.tlog
c:\users\theodor\desktop\old c to managed call\c to managed call\manageddll\release\manageddll.tlog\cl.write.1.tlog
c:\users\theodor\desktop\old c to managed call\c to managed call\manageddll\release\manageddll.tlog\lib-link-cvtres.read.1.tlog
c:\users\theodor\desktop\old c to managed call\c to managed call\manageddll\release\manageddll.tlog\lib-link-cvtres.write.1.tlog
c:\users\theodor\desktop\old c to managed call\c to managed call\manageddll\release\manageddll.tlog\lib.command.1.tlog
c:\users\theodor\desktop\old c to managed call\c to managed call\manageddll\release\manageddll.tlog\link.command.1.tlog
c:\users\theodor\desktop\old c to managed call\c to managed call\manageddll\release\manageddll.tlog\link.read.1.tlog
c:\users\theodor\desktop\old c to managed call\c to managed call\manageddll\release\manageddll.tlog\link.write.1.tlog
c:\users\theodor\desktop\old c to managed call\c to managed call\manageddll\release\manageddll.tlog\manageddll.write.1u.tlog
c:\users\theodor\desktop\old c to managed call\c to managed call\manageddll\release\manageddll.tlog\metagen.read.1.tlog
c:\users\theodor\desktop\old c to managed call\c to managed call\manageddll\release\manageddll.tlog\rc.command.1.tlog
c:\users\theodor\desktop\old c to managed call\c to managed call\manageddll\release\manageddll.tlog\rc.read.1.tlog
c:\users\theodor\desktop\old c to managed call\c to managed call\manageddll\release\manageddll.tlog\rc.write.1.tlog
c:\users\theodor\desktop\old c to managed call\c to managed call\manageddll\release\manageddll.tlog\managedcsharp.dll.metagen
c:\users\theodor\desktop\old c to managed call\c to managed call\manageddll\release\manageddll.tlog\tzres.dll.bi
